<?xml version="1.0" encoding="UTF-8"?>
<!-- Generated by org.testng.reporters.JUnitXMLReporter -->
<testsuite ignored="0" hostname="Z1-471" failures="0" tests="3" name="Test" time="0.315" errors="0" timestamp="2023-04-07T08:08:22 IST">
  <testcase classname="com.sgtesting.tests.Users" name="method1" time="0.022"/>
  <testcase classname="com.sgtesting.tests.Users" name="method2" time="0.002"/>
  <testcase classname="com.sgtesting.tests.Users" name="method3" time="0.005"/>
</testsuite> <!-- Test -->
