<?xml version="1.0" encoding="UTF-8"?>
<testng-results ignored="0" total="3" passed="3" failed="0" skipped="0">
  <reporter-output>
  </reporter-output>
  <suite started-at="2023-04-06T09:32:31 IST" name="testcases" finished-at="2023-04-06T09:32:31 IST" duration-ms="255">
    <groups>
    </groups>
    <test started-at="2023-04-06T09:32:31 IST" name="Test" finished-at="2023-04-06T09:32:31 IST" duration-ms="255">
      <class name="com.sgtesting.tests.Users">
        <test-method signature="method1()[pri:0, instance:com.sgtesting.tests.Users@69e1dd28]" started-at="2023-04-06T09:32:31 IST" name="method1" finished-at="2023-04-06T09:32:31 IST" duration-ms="19" status="PASS">
          <reporter-output>
          </reporter-output>
        </test-method> <!-- method1 -->
        <test-method signature="method2()[pri:0, instance:com.sgtesting.tests.Users@69e1dd28]" started-at="2023-04-06T09:32:31 IST" name="method2" finished-at="2023-04-06T09:32:31 IST" duration-ms="6" status="PASS">
          <reporter-output>
          </reporter-output>
        </test-method> <!-- method2 -->
        <test-method signature="method3()[pri:0, instance:com.sgtesting.tests.Users@69e1dd28]" started-at="2023-04-06T09:32:31 IST" name="method3" finished-at="2023-04-06T09:32:31 IST" duration-ms="2" status="PASS">
          <reporter-output>
          </reporter-output>
        </test-method> <!-- method3 -->
      </class> <!-- com.sgtesting.tests.Users -->
    </test> <!-- Test -->
  </suite> <!-- testcases -->
</testng-results>
