<?xml version="1.0" encoding="UTF-8"?>
<testsuite xmlns:xsi="http://www.w3.org/2001/XMLSchema-instance" xsi:noNamespaceSchemaLocation="https://maven.apache.org/surefire/maven-surefire-plugin/xsd/surefire-test-report-3.0.xsd" version="3.0" name="TestSuite" time="4.743" tests="3" errors="0" skipped="0" failures="0">
  <properties>
[...]
</properties>
  <testcase name="method1" classname="com.sgtesting.tests.Users" time="0.041">
    <system-out><![CDATA[It is Method1 statement
]]></system-out>
    <system-err><![CDATA[SLF4J: Failed to load class "org.slf4j.impl.StaticLoggerBinder".
SLF4J: Defaulting to no-operation (NOP) logger implementation
SLF4J: See http://www.slf4j.org/codes.html#StaticLoggerBinder for further details.
]]></system-err>
  </testcase>
  <testcase name="method2" classname="com.sgtesting.tests.Users" time="0.005">
    <system-out><![CDATA[It is Method2 statement
]]></system-out>
  </testcase>
  <testcase name="method3" classname="com.sgtesting.tests.Users" time="0.005">
    <system-out><![CDATA[It is Method3 statement
]]></system-out>
  </testcase>
</testsuite>