<?xml version="1.0" encoding="UTF-8"?>
<!-- Generated by org.testng.reporters.JUnitXMLReporter -->
<testsuite ignored="0" hostname="Z1-471" failures="0" tests="3" name="Default test" time="0.212" errors="0" timestamp="2023-04-06T09:18:32 IST">
  <testcase classname="com.sgtesting.tests.Users" name="method1" time="0.032"/>
  <testcase classname="com.sgtesting.tests.Users" name="method2" time="0.027"/>
  <testcase classname="com.sgtesting.tests.Users" name="method3" time="0.006"/>
</testsuite> <!-- Default test -->
