<?xml version="1.0" encoding="UTF-8"?>
<!-- Generated by org.testng.reporters.JUnitXMLReporter -->
<testsuite ignored="0" hostname="Z1-471" failures="0" tests="3" name="Test" time="0.187" errors="0" timestamp="2023-04-06T09:18:48 IST">
  <testcase classname="com.sgtesting.tests.Users" name="method1" time="0.016"/>
  <testcase classname="com.sgtesting.tests.Users" name="method2" time="0.015"/>
  <testcase classname="com.sgtesting.tests.Users" name="method3" time="0.004"/>
</testsuite> <!-- Test -->
